C51 COMPILER V9.60.7.0   XPT2046                                                           11/19/2024 02:54:13 PAGE 1   


C51 COMPILER V9.60.7.0, COMPILATION OF MODULE XPT2046
OBJECT MODULE PLACED IN XPT2046.OBJ
COMPILER INVOKED BY: C:\Keil_v5\C51\BIN\C51.EXE XPT2046.c OPTIMIZE(8,SPEED) BROWSE DEBUG OBJECTEXTEND TABS(2)

line level    source

   1          #include"XPT2046.h"
   2          
   3          void SPI_Start(void)
   4          {
   5   1        CLK = 0;
   6   1        CS  = 1;
   7   1        DIN = 1;
   8   1        CLK = 1;
   9   1        CS  = 0;    
  10   1      }
  11          void SPI_Write(uchar dat)
  12          {
  13   1        uchar i;
  14   1        CLK = 0;
  15   1        for(i=0; i<8; i++)
  16   1        {
  17   2          DIN = dat >> 7;  
  18   2          dat <<= 1;
  19   2          CLK = 0;      
  20   2          CLK = 1;
  21   2      
  22   2        }
  23   1      }
  24          uint SPI_Read(void)
  25          {
  26   1        uint i, dat=0;
  27   1        CLK = 0;
  28   1        for(i=0; i<12; i++)   
  29   1        {
  30   2          dat <<= 1;
  31   2      
  32   2          CLK = 1;
  33   2          CLK = 0;
  34   2      
  35   2          dat |= DOUT;
  36   2      
  37   2        }
  38   1        return dat; 
  39   1      }
  40          uint Read_AD_Data(uchar cmd)
  41          {
  42   1        uchar i;
  43   1        uint AD_Value;
  44   1        CLK = 0;
  45   1        CS  = 0;
  46   1        SPI_Write(cmd);
  47   1        for(i=6; i>0; i--);   
  48   1        CLK = 1;   
  49   1        _nop_();
  50   1        _nop_();
  51   1        CLK = 0;
  52   1        _nop_();
  53   1        _nop_();
  54   1        AD_Value=SPI_Read();
  55   1        CS = 1;
C51 COMPILER V9.60.7.0   XPT2046                                                           11/19/2024 02:54:13 PAGE 2   

  56   1        return AD_Value;  
  57   1      }


MODULE INFORMATION:   STATIC OVERLAYABLE
   CODE SIZE        =    100    ----
   CONSTANT SIZE    =   ----    ----
   XDATA SIZE       =   ----    ----
   PDATA SIZE       =   ----    ----
   DATA SIZE        =   ----    ----
   IDATA SIZE       =   ----    ----
   BIT SIZE         =   ----    ----
END OF MODULE INFORMATION.


C51 COMPILATION COMPLETE.  0 WARNING(S),  0 ERROR(S)
