C51 COMPILER V9.60.7.0   MAIN                                                              11/19/2024 03:54:55 PAGE 1   


C51 COMPILER V9.60.7.0, COMPILATION OF MODULE MAIN
OBJECT MODULE PLACED IN .\Objects\main.obj
COMPILER INVOKED BY: C:\Keil_v5\C51\BIN\C51.EXE main.c OPTIMIZE(8,SPEED) BROWSE DEBUG OBJECTEXTEND PRINT(.\Listings\main
                    -.lst) TABS(2) OBJECT(.\Objects\main.obj)

line level    source

   1          #include "IR_Reading.h"
   2          
   3          void main(void){
   4   1          Initial();
   5   1          while(0x1){
   6   2            delay_us(1);
   7   2            Matrix_Key_Scan();
   8   2          }
   9   1      }


MODULE INFORMATION:   STATIC OVERLAYABLE
   CODE SIZE        =    371    ----
   CONSTANT SIZE    =   ----    ----
   XDATA SIZE       =   ----    ----
   PDATA SIZE       =   ----    ----
   DATA SIZE        =      6    ----
   IDATA SIZE       =   ----    ----
   BIT SIZE         =   ----    ----
END OF MODULE INFORMATION.


C51 COMPILATION COMPLETE.  0 WARNING(S),  0 ERROR(S)
