C51 COMPILER V9.60.7.0   BUOI_1                                                            11/25/2024 20:11:12 PAGE 1   


C51 COMPILER V9.60.7.0, COMPILATION OF MODULE BUOI_1
OBJECT MODULE PLACED IN Buoi_1.OBJ
COMPILER INVOKED BY: C:\Keil_v5\C51\BIN\C51.EXE Buoi_1.c OPTIMIZE(8,SPEED) BROWSE DEBUG OBJECTEXTEND TABS(2)

line level    source

   1          #include <reg51.h>
   2          
   3          void delay_ms(unsigned int time) {
   4   1          unsigned int i, j;
   5   1          for(i = 0; i < time; i++)
   6   1              for(j = 0; j < 123; j++);
   7   1      }
   8          
   9          void main() {
  10   1          unsigned char i;
  11   1          while(1) {
  12   2              // Sáng d?n t? P1.0 d?n P1.7
  13   2              for(i = 0; i < 8; i++) {
  14   3                  P1 = (1 << (i + 1)) - 1; // B?t t?t c? LED t? P1.0 d?n P1.i
  15   3                  
  16   3                  delay_ms(100);
  17   3              }
  18   2      
  19   2              // T?t d?n t? P1.0 d?n P1.7
  20   2              for(i = 0; i < 8; i++) {
  21   3                  P1 = 0xFF ^ ((1 << (i + 1)) - 1); // T?t LED t? P1.0 d?n P1.i
  22   3                  delay_ms(100);
  23   3              }
  24   2      
  25   2              // T?t t?t c? LED
  26   2              P1 = 0x00;
  27   2              P3 = 0x00;// T?t t?t c? LED
  28   2              delay_ms(100);
  29   2          }
  30   1      }


MODULE INFORMATION:   STATIC OVERLAYABLE
   CODE SIZE        =     98    ----
   CONSTANT SIZE    =   ----    ----
   XDATA SIZE       =   ----    ----
   PDATA SIZE       =   ----    ----
   DATA SIZE        =   ----    ----
   IDATA SIZE       =   ----    ----
   BIT SIZE         =   ----    ----
END OF MODULE INFORMATION.


C51 COMPILATION COMPLETE.  0 WARNING(S),  0 ERROR(S)
